<?xml version="1.0" encoding="UTF-8"?>
<!-- Generated by org.testng.reporters.JUnitReportReporter -->
<testsuite hostname="DESKTOP-L0G6VBV" failures="0" tests="38" name="com.aipxperts.punchly.tests.InvoicesTest" time="20.869" errors="1" timestamp="2026-05-27T15:57:46 IST" skipped="37">
  <testcase classname="com.aipxperts.punchly.tests.InvoicesTest" name="loginAndNavigate" time="20.866">
    <error message="Expected condition failed: waiting for number of elements found by By.xpath: //input[@type=&#039;text&#039;] to be more than &quot;4&quot;. Current number: &quot;1&quot; (tried for 15 second(s) with 500 milliseconds interval)
Build info: version: &#039;4.18.1&#039;, revision: &#039;b1d3319b48&#039;
System info: os.name: &#039;Windows 11&#039;, os.arch: &#039;amd64&#039;, os.version: &#039;10.0&#039;, java.version: &#039;17.0.17&#039;
Driver info: org.openqa.selenium.chrome.ChromeDriver
Capabilities {acceptInsecureCerts: false, browserName: chrome, browserVersion: 148.0.7778.179, chrome: {chromedriverVersion: 148.0.7778.178 (d096af1c9e9..., userDataDir: C:\Users\AIP-28~1\AppData\L...}, fedcm:accounts: true, goog:chromeOptions: {debuggerAddress: localhost:51470}, goog:processID: 21980, networkConnectionEnabled: false, pageLoadStrategy: normal, platformName: windows, proxy: Proxy(), se:cdp: ws://localhost:51470/devtoo..., se:cdpVersion: 148.0.7778.179, setWindowRect: true, strictFileInteractability: false, timeouts: {implicit: 0, pageLoad: 300000, script: 30000}, unhandledPromptBehavior: dismiss and notify, webauthn:extension:credBlob: true, webauthn:extension:largeBlob: true, webauthn:extension:minPinLength: true, webauthn:extension:prf: true, webauthn:virtualAuthenticators: true}
Session ID: 69eca29cb7a7672064190c3e234511e1" type="org.openqa.selenium.TimeoutException">
      <![CDATA[org.openqa.selenium.TimeoutException: Expected condition failed: waiting for number of elements found by By.xpath: //input[@type='text'] to be more than "4". Current number: "1" (tried for 15 second(s) with 500 milliseconds interval)
Build info: version: '4.18.1', revision: 'b1d3319b48'
System info: os.name: 'Windows 11', os.arch: 'amd64', os.version: '10.0', java.version: '17.0.17'
Driver info: org.openqa.selenium.chrome.ChromeDriver
Capabilities {acceptInsecureCerts: false, browserName: chrome, browserVersion: 148.0.7778.179, chrome: {chromedriverVersion: 148.0.7778.178 (d096af1c9e9..., userDataDir: C:\Users\AIP-28~1\AppData\L...}, fedcm:accounts: true, goog:chromeOptions: {debuggerAddress: localhost:51470}, goog:processID: 21980, networkConnectionEnabled: false, pageLoadStrategy: normal, platformName: windows, proxy: Proxy(), se:cdp: ws://localhost:51470/devtoo..., se:cdpVersion: 148.0.7778.179, setWindowRect: true, strictFileInteractability: false, timeouts: {implicit: 0, pageLoad: 300000, script: 30000}, unhandledPromptBehavior: dismiss and notify, webauthn:extension:credBlob: true, webauthn:extension:largeBlob: true, webauthn:extension:minPinLength: true, webauthn:extension:prf: true, webauthn:virtualAuthenticators: true}
Session ID: 69eca29cb7a7672064190c3e234511e1
at org.openqa.selenium.support.ui.WebDriverWait.timeoutException(WebDriverWait.java:84)
at org.openqa.selenium.support.ui.FluentWait.until(FluentWait.java:228)
at com.aipxperts.punchly.pages.LoginPage.enterOTP(LoginPage.java:39)
at com.aipxperts.punchly.tests.InvoicesTest.loginAndNavigate(InvoicesTest.java:19)
at java.base/jdk.internal.reflect.NativeMethodAccessorImpl.invoke0(Native Method)
at java.base/jdk.internal.reflect.NativeMethodAccessorImpl.invoke(NativeMethodAccessorImpl.java:77)
at java.base/jdk.internal.reflect.DelegatingMethodAccessorImpl.invoke(DelegatingMethodAccessorImpl.java:43)
at java.base/java.lang.reflect.Method.invoke(Method.java:569)
at org.testng.internal.invokers.MethodInvocationHelper.invokeMethod(MethodInvocationHelper.java:139)
at org.testng.internal.invokers.MethodInvocationHelper.invokeMethodConsideringTimeout(MethodInvocationHelper.java:69)
at org.testng.internal.invokers.ConfigInvoker.invokeConfigurationMethod(ConfigInvoker.java:393)
at org.testng.internal.invokers.ConfigInvoker.invokeConfigurations(ConfigInvoker.java:326)
at org.testng.internal.invokers.TestInvoker.runConfigMethods(TestInvoker.java:810)
at org.testng.internal.invokers.TestInvoker.invokeMethod(TestInvoker.java:578)
at org.testng.internal.invokers.TestInvoker.invokeTestMethod(TestInvoker.java:228)
at org.testng.internal.invokers.MethodRunner.runInSequence(MethodRunner.java:63)
at org.testng.internal.invokers.TestInvoker$MethodInvocationAgent.invoke(TestInvoker.java:961)
at org.testng.internal.invokers.TestInvoker.invokeTestMethods(TestInvoker.java:201)
at org.testng.internal.invokers.TestMethodWorker.invokeTestMethods(TestMethodWorker.java:148)
at org.testng.internal.invokers.TestMethodWorker.run(TestMethodWorker.java:128)
at java.base/java.util.ArrayList.forEach(ArrayList.java:1511)
at org.testng.TestRunner.privateRun(TestRunner.java:819)
at org.testng.TestRunner.run(TestRunner.java:619)
at org.testng.SuiteRunner.runTest(SuiteRunner.java:443)
at org.testng.SuiteRunner.runSequentially(SuiteRunner.java:437)
at org.testng.SuiteRunner.privateRun(SuiteRunner.java:397)
at org.testng.SuiteRunner.run(SuiteRunner.java:336)
at org.testng.SuiteRunnerWorker.runSuite(SuiteRunnerWorker.java:52)
at org.testng.SuiteRunnerWorker.run(SuiteRunnerWorker.java:95)
at org.testng.TestNG.runSuitesSequentially(TestNG.java:1301)
at org.testng.TestNG.runSuitesLocally(TestNG.java:1228)
at org.testng.TestNG.runSuites(TestNG.java:1134)
at org.testng.TestNG.run(TestNG.java:1101)
at org.testng.remote.AbstractRemoteTestNG.run(AbstractRemoteTestNG.java:115)
at org.testng.remote.RemoteTestNG.initAndRun(RemoteTestNG.java:293)
at org.testng.remote.RemoteTestNG.main(RemoteTestNG.java:91)
]]>
    </error>
  </testcase> <!-- loginAndNavigate -->
  <testcase classname="com.aipxperts.punchly.tests.InvoicesTest" name="TC_INV_001_verifyInvoicesPageOpened" time="0.000">
    <skipped/>
  </testcase> <!-- TC_INV_001_verifyInvoicesPageOpened -->
  <testcase classname="com.aipxperts.punchly.tests.InvoicesTest" name="TC_INV_002_verifyClickInvoiceIdOpensDetail" time="0.000">
    <skipped/>
  </testcase> <!-- TC_INV_002_verifyClickInvoiceIdOpensDetail -->
  <testcase classname="com.aipxperts.punchly.tests.InvoicesTest" name="TC_INV_003_verifyDownloadInvoiceButton" time="0.000">
    <skipped/>
  </testcase> <!-- TC_INV_003_verifyDownloadInvoiceButton -->
  <testcase classname="com.aipxperts.punchly.tests.InvoicesTest" name="TC_INV_004_verifySendInvoiceButton" time="0.000">
    <skipped/>
  </testcase> <!-- TC_INV_004_verifySendInvoiceButton -->
  <testcase classname="com.aipxperts.punchly.tests.InvoicesTest" name="TC_INV_005_verifyRecurringSettingsButton" time="0.000">
    <skipped/>
  </testcase> <!-- TC_INV_005_verifyRecurringSettingsButton -->
  <testcase classname="com.aipxperts.punchly.tests.InvoicesTest" name="TC_INV_006_verifyInvoiceDetailThreeDotMenu" time="0.000">
    <skipped/>
  </testcase> <!-- TC_INV_006_verifyInvoiceDetailThreeDotMenu -->
  <testcase classname="com.aipxperts.punchly.tests.InvoicesTest" name="TC_INV_007_verifyImportTimeAndExpenses" time="0.000">
    <skipped/>
  </testcase> <!-- TC_INV_007_verifyImportTimeAndExpenses -->
  <testcase classname="com.aipxperts.punchly.tests.InvoicesTest" name="TC_INV_008_verifyAddNewItem" time="0.000">
    <skipped/>
  </testcase> <!-- TC_INV_008_verifyAddNewItem -->
  <testcase classname="com.aipxperts.punchly.tests.InvoicesTest" name="TC_INV_009_verifyAddDiscount" time="0.000">
    <skipped/>
  </testcase> <!-- TC_INV_009_verifyAddDiscount -->
  <testcase classname="com.aipxperts.punchly.tests.InvoicesTest" name="TC_INV_010_verifyAddTax" time="0.000">
    <skipped/>
  </testcase> <!-- TC_INV_010_verifyAddTax -->
  <testcase classname="com.aipxperts.punchly.tests.InvoicesTest" name="TC_INV_011_verifyEnterInvoiceNote" time="0.000">
    <skipped/>
  </testcase> <!-- TC_INV_011_verifyEnterInvoiceNote -->
  <testcase classname="com.aipxperts.punchly.tests.InvoicesTest" name="TC_INV_012_verifyBreadcrumbNavigatesBack" time="0.000">
    <skipped/>
  </testcase> <!-- TC_INV_012_verifyBreadcrumbNavigatesBack -->
  <testcase classname="com.aipxperts.punchly.tests.InvoicesTest" name="TC_INV_013_verifyCreateInvoiceModalOpens" time="0.000">
    <skipped/>
  </testcase> <!-- TC_INV_013_verifyCreateInvoiceModalOpens -->
  <testcase classname="com.aipxperts.punchly.tests.InvoicesTest" name="TC_INV_014_verifyClientDropdownOpens" time="0.000">
    <skipped/>
  </testcase> <!-- TC_INV_014_verifyClientDropdownOpens -->
  <testcase classname="com.aipxperts.punchly.tests.InvoicesTest" name="TC_INV_015_verifySearchAndSelectClient" time="0.000">
    <skipped/>
  </testcase> <!-- TC_INV_015_verifySearchAndSelectClient -->
  <testcase classname="com.aipxperts.punchly.tests.InvoicesTest" name="TC_INV_016_verifyCurrencyDropdownOpens" time="0.002">
    <skipped/>
  </testcase> <!-- TC_INV_016_verifyCurrencyDropdownOpens -->
  <testcase classname="com.aipxperts.punchly.tests.InvoicesTest" name="TC_INV_017_verifyDueDateDropdown" time="0.000">
    <skipped/>
  </testcase> <!-- TC_INV_017_verifyDueDateDropdown -->
  <testcase classname="com.aipxperts.punchly.tests.InvoicesTest" name="TC_INV_018_verifyCreateInvoiceCancel" time="0.000">
    <skipped/>
  </testcase> <!-- TC_INV_018_verifyCreateInvoiceCancel -->
  <testcase classname="com.aipxperts.punchly.tests.InvoicesTest" name="TC_INV_019_verifyFullCreateInvoiceFlow" time="0.000">
    <skipped/>
  </testcase> <!-- TC_INV_019_verifyFullCreateInvoiceFlow -->
  <testcase classname="com.aipxperts.punchly.tests.InvoicesTest" name="TC_INV_020_verifyFilterPanelOpens" time="0.000">
    <skipped/>
  </testcase> <!-- TC_INV_020_verifyFilterPanelOpens -->
  <testcase classname="com.aipxperts.punchly.tests.InvoicesTest" name="TC_INV_021_verifyFilterClientDropdown" time="0.000">
    <skipped/>
  </testcase> <!-- TC_INV_021_verifyFilterClientDropdown -->
  <testcase classname="com.aipxperts.punchly.tests.InvoicesTest" name="TC_INV_022_verifyFilterStatusDropdown" time="0.000">
    <skipped/>
  </testcase> <!-- TC_INV_022_verifyFilterStatusDropdown -->
  <testcase classname="com.aipxperts.punchly.tests.InvoicesTest" name="TC_INV_023_verifySelectFilterStatusDraft" time="0.000">
    <skipped/>
  </testcase> <!-- TC_INV_023_verifySelectFilterStatusDraft -->
  <testcase classname="com.aipxperts.punchly.tests.InvoicesTest" name="TC_INV_024_verifyFilterAmountMinMax" time="0.001">
    <skipped/>
  </testcase> <!-- TC_INV_024_verifyFilterAmountMinMax -->
  <testcase classname="com.aipxperts.punchly.tests.InvoicesTest" name="TC_INV_025_verifyApplyFilter" time="0.000">
    <skipped/>
  </testcase> <!-- TC_INV_025_verifyApplyFilter -->
  <testcase classname="com.aipxperts.punchly.tests.InvoicesTest" name="TC_INV_026_verifyFilterCancel" time="0.000">
    <skipped/>
  </testcase> <!-- TC_INV_026_verifyFilterCancel -->
  <testcase classname="com.aipxperts.punchly.tests.InvoicesTest" name="TC_INV_027_verifyFilterClearAll" time="0.000">
    <skipped/>
  </testcase> <!-- TC_INV_027_verifyFilterClearAll -->
  <testcase classname="com.aipxperts.punchly.tests.InvoicesTest" name="TC_INV_028_verifySettingsPageOpens" time="0.000">
    <skipped/>
  </testcase> <!-- TC_INV_028_verifySettingsPageOpens -->
  <testcase classname="com.aipxperts.punchly.tests.InvoicesTest" name="TC_INV_029_verifySettingsDefaultsTab" time="0.000">
    <skipped/>
  </testcase> <!-- TC_INV_029_verifySettingsDefaultsTab -->
  <testcase classname="com.aipxperts.punchly.tests.InvoicesTest" name="TC_INV_030_verifySettingsAppearanceTab" time="0.000">
    <skipped/>
  </testcase> <!-- TC_INV_030_verifySettingsAppearanceTab -->
  <testcase classname="com.aipxperts.punchly.tests.InvoicesTest" name="TC_INV_031_verifySettingsEmailsTab" time="0.000">
    <skipped/>
  </testcase> <!-- TC_INV_031_verifySettingsEmailsTab -->
  <testcase classname="com.aipxperts.punchly.tests.InvoicesTest" name="TC_INV_032_verifySettingsTranslationsTab" time="0.000">
    <skipped/>
  </testcase> <!-- TC_INV_032_verifySettingsTranslationsTab -->
  <testcase classname="com.aipxperts.punchly.tests.InvoicesTest" name="TC_INV_033_verifyNavigateBackFromSettings" time="0.000">
    <skipped/>
  </testcase> <!-- TC_INV_033_verifyNavigateBackFromSettings -->
  <testcase classname="com.aipxperts.punchly.tests.InvoicesTest" name="TC_INV_034_verifyExportDropdownOpens" time="0.000">
    <skipped/>
  </testcase> <!-- TC_INV_034_verifyExportDropdownOpens -->
  <testcase classname="com.aipxperts.punchly.tests.InvoicesTest" name="TC_INV_035_verifyExportToCsv" time="0.000">
    <skipped/>
  </testcase> <!-- TC_INV_035_verifyExportToCsv -->
  <testcase classname="com.aipxperts.punchly.tests.InvoicesTest" name="TC_INV_036_verifyExportToPdf" time="0.000">
    <skipped/>
  </testcase> <!-- TC_INV_036_verifyExportToPdf -->
  <testcase classname="com.aipxperts.punchly.tests.InvoicesTest" name="TC_INV_037_verifyExportToExcel" time="0.000">
    <skipped/>
  </testcase> <!-- TC_INV_037_verifyExportToExcel -->
</testsuite> <!-- com.aipxperts.punchly.tests.InvoicesTest -->
