<?xml version="1.0" encoding="UTF-8"?>
<!-- Generated by org.testng.reporters.JUnitReportReporter -->
<testsuite hostname="DESKTOP-L0G6VBV" failures="0" tests="9" name="com.aipxperts.punchly.tests.TimesheetsTest" time="18.363" errors="1" timestamp="2026-05-27T15:57:46 IST" skipped="8">
  <testcase classname="com.aipxperts.punchly.tests.TimesheetsTest" name="pageSetup" time="18.362">
    <error message="❌ Setup failed" type="java.lang.RuntimeException">
      <![CDATA[java.lang.RuntimeException: ❌ Setup failed
at com.aipxperts.punchly.tests.TimesheetsTest.pageSetup(TimesheetsTest.java:28)
at java.base/jdk.internal.reflect.NativeMethodAccessorImpl.invoke0(Native Method)
at java.base/jdk.internal.reflect.NativeMethodAccessorImpl.invoke(NativeMethodAccessorImpl.java:77)
at java.base/jdk.internal.reflect.DelegatingMethodAccessorImpl.invoke(DelegatingMethodAccessorImpl.java:43)
at java.base/java.lang.reflect.Method.invoke(Method.java:569)
at org.testng.internal.invokers.MethodInvocationHelper.invokeMethod(MethodInvocationHelper.java:139)
at org.testng.internal.invokers.MethodInvocationHelper.invokeMethodConsideringTimeout(MethodInvocationHelper.java:69)
at org.testng.internal.invokers.ConfigInvoker.invokeConfigurationMethod(ConfigInvoker.java:393)
at org.testng.internal.invokers.ConfigInvoker.invokeConfigurations(ConfigInvoker.java:326)
at org.testng.internal.invokers.TestInvoker.runConfigMethods(TestInvoker.java:810)
at org.testng.internal.invokers.TestInvoker.invokeMethod(TestInvoker.java:578)
at org.testng.internal.invokers.TestInvoker.invokeTestMethod(TestInvoker.java:228)
at org.testng.internal.invokers.MethodRunner.runInSequence(MethodRunner.java:63)
at org.testng.internal.invokers.TestInvoker$MethodInvocationAgent.invoke(TestInvoker.java:961)
at org.testng.internal.invokers.TestInvoker.invokeTestMethods(TestInvoker.java:201)
at org.testng.internal.invokers.TestMethodWorker.invokeTestMethods(TestMethodWorker.java:148)
at org.testng.internal.invokers.TestMethodWorker.run(TestMethodWorker.java:128)
at java.base/java.util.ArrayList.forEach(ArrayList.java:1511)
at org.testng.TestRunner.privateRun(TestRunner.java:819)
at org.testng.TestRunner.run(TestRunner.java:619)
at org.testng.SuiteRunner.runTest(SuiteRunner.java:443)
at org.testng.SuiteRunner.runSequentially(SuiteRunner.java:437)
at org.testng.SuiteRunner.privateRun(SuiteRunner.java:397)
at org.testng.SuiteRunner.run(SuiteRunner.java:336)
at org.testng.SuiteRunnerWorker.runSuite(SuiteRunnerWorker.java:52)
at org.testng.SuiteRunnerWorker.run(SuiteRunnerWorker.java:95)
at org.testng.TestNG.runSuitesSequentially(TestNG.java:1301)
at org.testng.TestNG.runSuitesLocally(TestNG.java:1228)
at org.testng.TestNG.runSuites(TestNG.java:1134)
at org.testng.TestNG.run(TestNG.java:1101)
at org.testng.remote.AbstractRemoteTestNG.run(AbstractRemoteTestNG.java:115)
at org.testng.remote.RemoteTestNG.initAndRun(RemoteTestNG.java:293)
at org.testng.remote.RemoteTestNG.main(RemoteTestNG.java:91)
Caused by: org.openqa.selenium.TimeoutException: Expected condition failed: waiting for number of elements found by By.xpath: //input[@type='text'] to be more than "4". Current number: "1" (tried for 15 second(s) with 500 milliseconds interval)
Build info: version: '4.18.1', revision: 'b1d3319b48'
System info: os.name: 'Windows 11', os.arch: 'amd64', os.version: '10.0', java.version: '17.0.17'
Driver info: org.openqa.selenium.chrome.ChromeDriver
Capabilities {acceptInsecureCerts: false, browserName: chrome, browserVersion: 148.0.7778.179, chrome: {chromedriverVersion: 148.0.7778.178 (d096af1c9e9..., userDataDir: C:\Users\AIP-28~1\AppData\L...}, fedcm:accounts: true, goog:chromeOptions: {debuggerAddress: localhost:62209}, goog:processID: 24292, networkConnectionEnabled: false, pageLoadStrategy: normal, platformName: windows, proxy: Proxy(), se:cdp: ws://localhost:62209/devtoo..., se:cdpVersion: 148.0.7778.179, setWindowRect: true, strictFileInteractability: false, timeouts: {implicit: 0, pageLoad: 300000, script: 30000}, unhandledPromptBehavior: dismiss and notify, webauthn:extension:credBlob: true, webauthn:extension:largeBlob: true, webauthn:extension:minPinLength: true, webauthn:extension:prf: true, webauthn:virtualAuthenticators: true}
Session ID: 547b5ed972cc1e5665f1a7658bd6a8da
at org.openqa.selenium.support.ui.WebDriverWait.timeoutException(WebDriverWait.java:84)
at org.openqa.selenium.support.ui.FluentWait.until(FluentWait.java:228)
at com.aipxperts.punchly.pages.LoginPage.enterOTP(LoginPage.java:39)
at com.aipxperts.punchly.tests.TimesheetsTest.pageSetup(TimesheetsTest.java:20)
... 32 more
]]>
    </error>
  </testcase> <!-- pageSetup -->
  <testcase classname="com.aipxperts.punchly.tests.TimesheetsTest" name="TC_TS_001_verifyTimesheetsPageLoad" time="0.000">
    <skipped/>
  </testcase> <!-- TC_TS_001_verifyTimesheetsPageLoad -->
  <testcase classname="com.aipxperts.punchly.tests.TimesheetsTest" name="TC_TS_002_verifyAddRow" time="0.001">
    <skipped/>
  </testcase> <!-- TC_TS_002_verifyAddRow -->
  <testcase classname="com.aipxperts.punchly.tests.TimesheetsTest" name="TC_TS_003_verifyProjectSelection" time="0.000">
    <skipped/>
  </testcase> <!-- TC_TS_003_verifyProjectSelection -->
  <testcase classname="com.aipxperts.punchly.tests.TimesheetsTest" name="TC_TS_004_verifyTodayColumnClick" time="0.000">
    <skipped/>
  </testcase> <!-- TC_TS_004_verifyTodayColumnClick -->
  <testcase classname="com.aipxperts.punchly.tests.TimesheetsTest" name="TC_TS_005_verifyTimeEntry" time="0.000">
    <skipped/>
  </testcase> <!-- TC_TS_005_verifyTimeEntry -->
  <testcase classname="com.aipxperts.punchly.tests.TimesheetsTest" name="TC_TS_006_verifySave" time="0.000">
    <skipped/>
  </testcase> <!-- TC_TS_006_verifySave -->
  <testcase classname="com.aipxperts.punchly.tests.TimesheetsTest" name="TC_TS_007_verifySubmitForApproval" time="0.000">
    <skipped/>
  </testcase> <!-- TC_TS_007_verifySubmitForApproval -->
  <testcase classname="com.aipxperts.punchly.tests.TimesheetsTest" name="TC_TS_008_verifyWithdrawSubmission" time="0.000">
    <skipped/>
  </testcase> <!-- TC_TS_008_verifyWithdrawSubmission -->
</testsuite> <!-- com.aipxperts.punchly.tests.TimesheetsTest -->
