<?xml version="1.0" encoding="UTF-8"?>
<!-- Generated by org.testng.reporters.JUnitReportReporter -->
<testsuite hostname="DESKTOP-L0G6VBV" failures="0" tests="23" name="com.aipxperts.punchly.tests.KiosksTest" time="21.042" errors="1" timestamp="2026-05-27T15:57:46 IST" skipped="22">
  <testcase classname="com.aipxperts.punchly.tests.KiosksTest" name="loginAndNavigate" time="21.041">
    <error message="Expected condition failed: waiting for number of elements found by By.xpath: //input[@type=&#039;text&#039;] to be more than &quot;4&quot;. Current number: &quot;1&quot; (tried for 15 second(s) with 500 milliseconds interval)
Build info: version: &#039;4.18.1&#039;, revision: &#039;b1d3319b48&#039;
System info: os.name: &#039;Windows 11&#039;, os.arch: &#039;amd64&#039;, os.version: &#039;10.0&#039;, java.version: &#039;17.0.17&#039;
Driver info: org.openqa.selenium.chrome.ChromeDriver
Capabilities {acceptInsecureCerts: false, browserName: chrome, browserVersion: 148.0.7778.179, chrome: {chromedriverVersion: 148.0.7778.178 (d096af1c9e9..., userDataDir: C:\Users\AIP-28~1\AppData\L...}, fedcm:accounts: true, goog:chromeOptions: {debuggerAddress: localhost:58771}, goog:processID: 28552, networkConnectionEnabled: false, pageLoadStrategy: normal, platformName: windows, proxy: Proxy(), se:cdp: ws://localhost:58771/devtoo..., se:cdpVersion: 148.0.7778.179, setWindowRect: true, strictFileInteractability: false, timeouts: {implicit: 0, pageLoad: 300000, script: 30000}, unhandledPromptBehavior: dismiss and notify, webauthn:extension:credBlob: true, webauthn:extension:largeBlob: true, webauthn:extension:minPinLength: true, webauthn:extension:prf: true, webauthn:virtualAuthenticators: true}
Session ID: 58b73522c3d2c079e8f627db13d6f95f" type="org.openqa.selenium.TimeoutException">
      <![CDATA[org.openqa.selenium.TimeoutException: Expected condition failed: waiting for number of elements found by By.xpath: //input[@type='text'] to be more than "4". Current number: "1" (tried for 15 second(s) with 500 milliseconds interval)
Build info: version: '4.18.1', revision: 'b1d3319b48'
System info: os.name: 'Windows 11', os.arch: 'amd64', os.version: '10.0', java.version: '17.0.17'
Driver info: org.openqa.selenium.chrome.ChromeDriver
Capabilities {acceptInsecureCerts: false, browserName: chrome, browserVersion: 148.0.7778.179, chrome: {chromedriverVersion: 148.0.7778.178 (d096af1c9e9..., userDataDir: C:\Users\AIP-28~1\AppData\L...}, fedcm:accounts: true, goog:chromeOptions: {debuggerAddress: localhost:58771}, goog:processID: 28552, networkConnectionEnabled: false, pageLoadStrategy: normal, platformName: windows, proxy: Proxy(), se:cdp: ws://localhost:58771/devtoo..., se:cdpVersion: 148.0.7778.179, setWindowRect: true, strictFileInteractability: false, timeouts: {implicit: 0, pageLoad: 300000, script: 30000}, unhandledPromptBehavior: dismiss and notify, webauthn:extension:credBlob: true, webauthn:extension:largeBlob: true, webauthn:extension:minPinLength: true, webauthn:extension:prf: true, webauthn:virtualAuthenticators: true}
Session ID: 58b73522c3d2c079e8f627db13d6f95f
at org.openqa.selenium.support.ui.WebDriverWait.timeoutException(WebDriverWait.java:84)
at org.openqa.selenium.support.ui.FluentWait.until(FluentWait.java:228)
at com.aipxperts.punchly.pages.LoginPage.enterOTP(LoginPage.java:39)
at com.aipxperts.punchly.tests.KiosksTest.loginAndNavigate(KiosksTest.java:23)
at java.base/jdk.internal.reflect.NativeMethodAccessorImpl.invoke0(Native Method)
at java.base/jdk.internal.reflect.NativeMethodAccessorImpl.invoke(NativeMethodAccessorImpl.java:77)
at java.base/jdk.internal.reflect.DelegatingMethodAccessorImpl.invoke(DelegatingMethodAccessorImpl.java:43)
at java.base/java.lang.reflect.Method.invoke(Method.java:569)
at org.testng.internal.invokers.MethodInvocationHelper.invokeMethod(MethodInvocationHelper.java:139)
at org.testng.internal.invokers.MethodInvocationHelper.invokeMethodConsideringTimeout(MethodInvocationHelper.java:69)
at org.testng.internal.invokers.ConfigInvoker.invokeConfigurationMethod(ConfigInvoker.java:393)
at org.testng.internal.invokers.ConfigInvoker.invokeConfigurations(ConfigInvoker.java:326)
at org.testng.internal.invokers.TestInvoker.runConfigMethods(TestInvoker.java:810)
at org.testng.internal.invokers.TestInvoker.invokeMethod(TestInvoker.java:578)
at org.testng.internal.invokers.TestInvoker.invokeTestMethod(TestInvoker.java:228)
at org.testng.internal.invokers.MethodRunner.runInSequence(MethodRunner.java:63)
at org.testng.internal.invokers.TestInvoker$MethodInvocationAgent.invoke(TestInvoker.java:961)
at org.testng.internal.invokers.TestInvoker.invokeTestMethods(TestInvoker.java:201)
at org.testng.internal.invokers.TestMethodWorker.invokeTestMethods(TestMethodWorker.java:148)
at org.testng.internal.invokers.TestMethodWorker.run(TestMethodWorker.java:128)
at java.base/java.util.ArrayList.forEach(ArrayList.java:1511)
at org.testng.TestRunner.privateRun(TestRunner.java:819)
at org.testng.TestRunner.run(TestRunner.java:619)
at org.testng.SuiteRunner.runTest(SuiteRunner.java:443)
at org.testng.SuiteRunner.runSequentially(SuiteRunner.java:437)
at org.testng.SuiteRunner.privateRun(SuiteRunner.java:397)
at org.testng.SuiteRunner.run(SuiteRunner.java:336)
at org.testng.SuiteRunnerWorker.runSuite(SuiteRunnerWorker.java:52)
at org.testng.SuiteRunnerWorker.run(SuiteRunnerWorker.java:95)
at org.testng.TestNG.runSuitesSequentially(TestNG.java:1301)
at org.testng.TestNG.runSuitesLocally(TestNG.java:1228)
at org.testng.TestNG.runSuites(TestNG.java:1134)
at org.testng.TestNG.run(TestNG.java:1101)
at org.testng.remote.AbstractRemoteTestNG.run(AbstractRemoteTestNG.java:115)
at org.testng.remote.RemoteTestNG.initAndRun(RemoteTestNG.java:293)
at org.testng.remote.RemoteTestNG.main(RemoteTestNG.java:91)
]]>
    </error>
  </testcase> <!-- loginAndNavigate -->
  <testcase classname="com.aipxperts.punchly.tests.KiosksTest" name="TC_KSK_001_verifyKiosksPageOpened" time="0.000">
    <skipped/>
  </testcase> <!-- TC_KSK_001_verifyKiosksPageOpened -->
  <testcase classname="com.aipxperts.punchly.tests.KiosksTest" name="TC_KSK_002_verifyStatusDropdownOpens" time="0.000">
    <skipped/>
  </testcase> <!-- TC_KSK_002_verifyStatusDropdownOpens -->
  <testcase classname="com.aipxperts.punchly.tests.KiosksTest" name="TC_KSK_003_verifySelectActiveStatus" time="0.000">
    <skipped/>
  </testcase> <!-- TC_KSK_003_verifySelectActiveStatus -->
  <testcase classname="com.aipxperts.punchly.tests.KiosksTest" name="TC_KSK_004_verifySelectInactiveStatus" time="0.000">
    <skipped/>
  </testcase> <!-- TC_KSK_004_verifySelectInactiveStatus -->
  <testcase classname="com.aipxperts.punchly.tests.KiosksTest" name="TC_KSK_005_verifySearchBarAcceptsInput" time="0.000">
    <skipped/>
  </testcase> <!-- TC_KSK_005_verifySearchBarAcceptsInput -->
  <testcase classname="com.aipxperts.punchly.tests.KiosksTest" name="TC_KSK_006_verifyCreateKioskModalOpens" time="0.001">
    <skipped/>
  </testcase> <!-- TC_KSK_006_verifyCreateKioskModalOpens -->
  <testcase classname="com.aipxperts.punchly.tests.KiosksTest" name="TC_KSK_007_verifyEnterKioskName" time="0.000">
    <skipped/>
  </testcase> <!-- TC_KSK_007_verifyEnterKioskName -->
  <testcase classname="com.aipxperts.punchly.tests.KiosksTest" name="TC_KSK_008_verifyAssigneesDropdownOpens" time="0.000">
    <skipped/>
  </testcase> <!-- TC_KSK_008_verifyAssigneesDropdownOpens -->
  <testcase classname="com.aipxperts.punchly.tests.KiosksTest" name="TC_KSK_009_verifyDefaultProjectDropdownOpens" time="0.000">
    <skipped/>
  </testcase> <!-- TC_KSK_009_verifyDefaultProjectDropdownOpens -->
  <testcase classname="com.aipxperts.punchly.tests.KiosksTest" name="TC_KSK_010_verifySessionTimeoutDropdownOpens" time="0.000">
    <skipped/>
  </testcase> <!-- TC_KSK_010_verifySessionTimeoutDropdownOpens -->
  <testcase classname="com.aipxperts.punchly.tests.KiosksTest" name="TC_KSK_011_verifySelectSessionTimeout1Hour" time="0.000">
    <skipped/>
  </testcase> <!-- TC_KSK_011_verifySelectSessionTimeout1Hour -->
  <testcase classname="com.aipxperts.punchly.tests.KiosksTest" name="TC_KSK_012_verifySelectSessionTimeout24Hours" time="0.000">
    <skipped/>
  </testcase> <!-- TC_KSK_012_verifySelectSessionTimeout24Hours -->
  <testcase classname="com.aipxperts.punchly.tests.KiosksTest" name="TC_KSK_013_verifyCancelCreateModal" time="0.000">
    <skipped/>
  </testcase> <!-- TC_KSK_013_verifyCancelCreateModal -->
  <testcase classname="com.aipxperts.punchly.tests.KiosksTest" name="TC_KSK_014_verifyFullCreateKioskFlow" time="0.000">
    <skipped/>
  </testcase> <!-- TC_KSK_014_verifyFullCreateKioskFlow -->
  <testcase classname="com.aipxperts.punchly.tests.KiosksTest" name="TC_KSK_015_verifyThreeDotMenuOpens" time="0.000">
    <skipped/>
  </testcase> <!-- TC_KSK_015_verifyThreeDotMenuOpens -->
  <testcase classname="com.aipxperts.punchly.tests.KiosksTest" name="TC_KSK_016_verifyMenuCopyUrl" time="0.000">
    <skipped/>
  </testcase> <!-- TC_KSK_016_verifyMenuCopyUrl -->
  <testcase classname="com.aipxperts.punchly.tests.KiosksTest" name="TC_KSK_017_verifyMenuEdit" time="0.000">
    <skipped/>
  </testcase> <!-- TC_KSK_017_verifyMenuEdit -->
  <testcase classname="com.aipxperts.punchly.tests.KiosksTest" name="TC_KSK_018_verifyMenuDeactivate" time="0.000">
    <skipped/>
  </testcase> <!-- TC_KSK_018_verifyMenuDeactivate -->
  <testcase classname="com.aipxperts.punchly.tests.KiosksTest" name="TC_KSK_019_verifyMenuDelete" time="0.000">
    <skipped/>
  </testcase> <!-- TC_KSK_019_verifyMenuDelete -->
  <testcase classname="com.aipxperts.punchly.tests.KiosksTest" name="TC_KSK_020_verifyLaunchKioskOpensKioskPage" time="0.000">
    <skipped/>
  </testcase> <!-- TC_KSK_020_verifyLaunchKioskOpensKioskPage -->
  <testcase classname="com.aipxperts.punchly.tests.KiosksTest" name="TC_KSK_021_verifyKioskMemberSearch" time="0.000">
    <skipped/>
  </testcase> <!-- TC_KSK_021_verifyKioskMemberSearch -->
  <testcase classname="com.aipxperts.punchly.tests.KiosksTest" name="TC_KSK_022_verifyKioskMemberClick" time="0.000">
    <skipped/>
  </testcase> <!-- TC_KSK_022_verifyKioskMemberClick -->
</testsuite> <!-- com.aipxperts.punchly.tests.KiosksTest -->
